Diagnose log at 2022-10-20T16:00:15Z

Executable: C:\Program Files (x86)\Git\mingw32\bin\git-credential-manager-core.exe
Version: 2.0.785+6074e4e3d3

------------
Diagnostic: Environment
Skipped: False
Success: True
Exception: None
Log:
OSType: Windows
OSVersion: 6.1 (build 7601)
Reading environment variables... OK
 Variables:
PROCESSOR_ARCHITEW6432=AMD64
COMPUTERNAME=MICHELI-PC
MSYSTEM=MINGW32
CommonProgramFiles(x86)=C:\Program Files (x86)\Common Files
OneDrive=C:\Users\Micheli\OneDrive
HOMEPATH=\Users\Micheli
ProgramFiles(x86)=C:\Program Files (x86)
CONFIG_SITE=C:/Program Files (x86)/Git/etc/config.site
LC_CTYPE=en_US.UTF-8
USERDOMAIN=Micheli-PC
PATHEXT=.COM;.EXE;.BAT;.CMD;.VBS;.VBE;.JS;.JSE;.WSF;.WSH;.MSC
ORIGINAL_TEMP=C:/Users/Micheli/AppData/Local/Temp
MINGW_PREFIX=C:/Program Files (x86)/Git/mingw32
GIT_EXEC_PATH=C:/Program Files (x86)/Git/mingw32/libexec/git-core
ACLOCAL_PATH=C:\Program Files (x86)\Git\mingw32\share\aclocal;C:\Program Files (x86)\Git\usr\share\aclocal
TEMP=C:\Users\Micheli\AppData\Local\Temp
LOCALAPPDATA=C:\Users\Micheli\AppData\Local
MANPATH=C:\Program Files (x86)\Git\mingw32\local\man;C:\Program Files (x86)\Git\mingw32\share\man;C:\Program Files (x86)\Git\usr\local\man;C:\Program Files (x86)\Git\usr\share\man;C:\Program Files (x86)\Git\usr\man;C:\Program Files (x86)\Git\share\man
TERM=xterm
PROCESSOR_IDENTIFIER=Intel64 Family 6 Model 42 Stepping 7, GenuineIntel
MSYSTEM_CARCH=i686
PROGRAMFILES=C:\Program Files (x86)
ProgramData=C:\ProgramData
TERM_PROGRAM_VERSION=3.6.1
ORIGINAL_TMP=C:/Users/Micheli/AppData/Local/Temp
PROCESSOR_REVISION=2a07
SYSTEMROOT=C:\Windows
TERM_PROGRAM=mintty
PROCESSOR_LEVEL=6
NUMBER_OF_PROCESSORS=2
SSH_ASKPASS=C:/Program Files (x86)/Git/mingw32/bin/git-askpass.exe
SHLVL=1
APPDATA=C:\Users\Micheli\AppData\Roaming
SYSTEMDRIVE=C:
PSModulePath=C:\Windows\system32\WindowsPowerShell\v1.0\Modules\
PUBLIC=C:\Users\Public
HOSTNAME=Micheli-PC
PKG_CONFIG_PATH=C:\Program Files (x86)\Git\mingw32\lib\pkgconfig;C:\Program Files (x86)\Git\mingw32\share\pkgconfig
MSYSTEM_CHOST=i686-w64-mingw32
WINDIR=C:\Windows
PLINK_PROTOCOL=ssh
INFOPATH=C:\Program Files (x86)\Git\usr\local\info;C:\Program Files (x86)\Git\usr\share\info;C:\Program Files (x86)\Git\usr\info;C:\Program Files (x86)\Git\share\info
ProgramW6432=C:\Program Files
PATH=C:/Program Files (x86)/Git/mingw32/libexec/git-core;C:\Users\Micheli\bin;C:\Program Files (x86)\Git\mingw32\bin;C:\Program Files (x86)\Git\usr\local\bin;C:\Program Files (x86)\Git\usr\bin;C:\Program Files (x86)\Git\usr\bin;C:\Program Files (x86)\Git\mingw32\bin;C:\Program Files (x86)\Git\usr\bin;C:\Users\Micheli\bin;C:\Program Files (x86)\Common Files\Oracle\Java\javapath;C:\ProgramData\Oracle\Java\javapath;C:\Windows\system32;C:\Windows;C:\Windows\System32\Wbem;C:\Windows\System32\WindowsPowerShell\v1.0;C:\Program Files (x86)\Intel\OpenCL SDK\2.0\bin\x86;C:\Program Files (x86)\Intel\OpenCL SDK\2.0\bin\x64;C:\Program Files (x86)\Git\cmd;C:\Program Files (x86)\Git\usr\bin\vendor_perl;C:\Program Files (x86)\Git\usr\bin\core_perl
MINGW_CHOST=i686-w64-mingw32
FP_NO_HOST_CHECK=NO
TMPDIR=C:\Users\Micheli\AppData\Local\Temp
TMP=C:\Users\Micheli\AppData\Local\Temp
SHELL=C:\Program Files (x86)\Git\usr\bin\bash.exe
HOME=C:\Users\Micheli
COMSPEC=C:\Windows\system32\cmd.exe
LOGONSERVER=\\MICHELI-PC
USERPROFILE=C:\Users\Micheli
DISPLAY=needs-to-be-defined
COMMONPROGRAMFILES=C:\Program Files (x86)\Common Files
_=C:/Program Files (x86)/Git/mingw32/bin/git
CommonProgramW6432=C:\Program Files\Common Files
HOMEDRIVE=C:
MSYSTEM_PREFIX=C:/Program Files (x86)/Git/mingw32
MINGW_PACKAGE_PREFIX=mingw-w64-i686
SESSIONNAME=Console
PWD=D:/Documents/Curso de programação
EXEPATH=C:\Program Files (x86)\Git
USERNAME=Micheli
ORIGINAL_PATH=C:\Program Files (x86)\Git\mingw32\bin;C:\Program Files (x86)\Git\usr\bin;C:\Users\Micheli\bin;C:\Program Files (x86)\Common Files\Oracle\Java\javapath;C:\ProgramData\Oracle\Java\javapath;C:\Windows\system32;C:\Windows;C:\Windows\System32\Wbem;C:\Windows\System32\WindowsPowerShell\v1.0;C:\Program Files (x86)\Intel\OpenCL SDK\2.0\bin\x86;C:\Program Files (x86)\Intel\OpenCL SDK\2.0\bin\x64;C:\Program Files (x86)\Git\cmd
PROCESSOR_ARCHITECTURE=x86
PS1=\[\033]0;$TITLEPREFIX:$PWD\007\]\n\[\033[32m\]\u@\h \[\033[35m\]$MSYSTEM \[\033[33m\]\w\[\033[36m\]`__git_ps1`\[\033[0m\]\n$ 
OS=Windows_NT
OneDriveConsumer=C:\Users\Micheli\OneDrive
ALLUSERSPROFILE=C:\ProgramData


------------
Diagnostic: File system
Skipped: False
Success: True
Exception: None
Log:
Temporary directory is 'C:\Users\Micheli\AppData\Local\Temp\'...
Checking basic file I/O...
Writing to temporary file 'C:\Users\Micheli\AppData\Local\Temp\7cd9485fb736576bcf2838e4'... OK
Reading from temporary file 'C:\Users\Micheli\AppData\Local\Temp\7cd9485fb736576bcf2838e4'... OK
Deleting temporary file 'C:\Users\Micheli\AppData\Local\Temp\7cd9485fb736576bcf2838e4'... OK
Testing IFileSystem instance...
UserHomePath: C:\Users\Micheli
UserDataDirectoryPath: C:\Users\Micheli\.gcm
GetCurrentDirectory(): D:\Documents\Curso de programação

------------
Diagnostic: Networking
Skipped: False
Success: True
Exception: None
Log:
Checking basic networking and HTTP stack...
Creating HTTP client... OK
IsNetworkAvailable: True
Sending HEAD request to http://example.com... OK
Sending HEAD request to https://example.com... OK
Acquiring free TCP port... OK
Testing local HTTP loopback connections...
Creating new HTTP listener for http://localhost:54612/... OK
Waiting for loopback connection... OK
Writing response... OK
Waiting for response data... OK
Loopback connection data OK
Testing with IHttpClientFactory created HTTP client...
Creating HTTP client... OK
IsNetworkAvailable: True
Sending HEAD request to http://example.com... OK
Sending HEAD request to https://example.com... OK
Acquiring free TCP port... OK
Testing local HTTP loopback connections...
Creating new HTTP listener for http://localhost:54614/... OK
Waiting for loopback connection... OK
Writing response... OK
Waiting for response data... OK
Loopback connection data OK

------------
Diagnostic: Git
Skipped: False
Success: True
Exception: None
Log:
Getting Git version... OK
Git version is '2.38.1.windows.1'
Locating current repository... OK
Git repository at 'D:/Documents/Curso de programação/.git'
Listing all Git configuration... OK
Git configuration:
file:C:/Program Files (x86)/Git/etc/gitconfig	pack.packsizelimit=2g
file:C:/Program Files (x86)/Git/etc/gitconfig	diff.astextplain.textconv=astextplain
file:C:/Program Files (x86)/Git/etc/gitconfig	filter.lfs.clean=git-lfs clean -- %f
file:C:/Program Files (x86)/Git/etc/gitconfig	filter.lfs.smudge=git-lfs smudge -- %f
file:C:/Program Files (x86)/Git/etc/gitconfig	filter.lfs.process=git-lfs filter-process
file:C:/Program Files (x86)/Git/etc/gitconfig	filter.lfs.required=true
file:C:/Program Files (x86)/Git/etc/gitconfig	http.sslbackend=openssl
file:C:/Program Files (x86)/Git/etc/gitconfig	http.sslcainfo=C:/Program Files (x86)/Git/mingw32/ssl/certs/ca-bundle.crt
file:C:/Program Files (x86)/Git/etc/gitconfig	core.autocrlf=true
file:C:/Program Files (x86)/Git/etc/gitconfig	core.fscache=true
file:C:/Program Files (x86)/Git/etc/gitconfig	core.symlinks=false
file:C:/Program Files (x86)/Git/etc/gitconfig	core.editor="C:\\Program Files (x86)\\Notepad++\\notepad++.exe" -multiInst -notabbar -nosession -noPlugin
file:C:/Program Files (x86)/Git/etc/gitconfig	pull.rebase=false
file:C:/Program Files (x86)/Git/etc/gitconfig	init.defaultbranch=master
file:C:/Users/Micheli/.gitconfig	gui.recentrepo=D:/Documents/Curso de programação
file:C:/Users/Micheli/.gitconfig	user.email=steder20@yahoo.com.br
file:C:/Users/Micheli/.gitconfig	user.name=Eder TS
file:C:/Users/Micheli/.gitconfig	credential.helper=manager-core
file:.git/config	core.repositoryformatversion=0
file:.git/config	core.filemode=false
file:.git/config	core.bare=false
file:.git/config	core.logallrefupdates=true
file:.git/config	core.symlinks=false
file:.git/config	core.ignorecase=true
file:.git/config	gui.wmstate=normal
file:.git/config	gui.geometry=893x435+125+125 175 196
file:.git/config	remote.origin.url=https://github.com/Eder-TS/projetos-das-aulas
file:.git/config	remote.origin.fetch=+refs/heads/*:refs/remotes/origin/*


------------
Diagnostic: Credential storage
Skipped: False
Success: True
Exception: None
Log:
ICredentialStore instance is of type: CredentialStore
Writing test credential... OK
Reading test credential... OK
Deleting test credential... OK

------------
Diagnostic: Microsoft authentication (AAD/MSA)
Skipped: False
Success: True
Exception: None
Log:
Broker not supported.
Flow type is: Auto
Gathering MSAL token cache data... OK
CacheDirectory: C:\Users\Micheli\AppData\Local\.IdentityService
CacheFileName: msal.cache
CacheFilePath: C:\Users\Micheli\AppData\Local\.IdentityService\msal.cache
Creating cache helper... OK
Verifying MSAL token cache persistence... OK

------------
Diagnostic: GitHub API
Skipped: False
Success: False
Exception:
System.Net.Http.HttpRequestException: An error occurred while sending the request. ---> System.Net.WebException: The request was aborted: Could not create SSL/TLS secure channel.
   at System.Net.HttpWebRequest.EndGetResponse(IAsyncResult asyncResult)
   at System.Net.Http.HttpClientHandler.GetResponseCallback(IAsyncResult ar)
   --- End of inner exception stack trace ---
   at System.Runtime.CompilerServices.TaskAwaiter.ThrowForNonSuccess(Task task)
   at System.Runtime.CompilerServices.TaskAwaiter.HandleNonSuccessAndDebuggerNotification(Task task)
   at System.Runtime.CompilerServices.TaskAwaiter`1.GetResult()
   at GitHub.GitHubRestApi.<GetMetaInfoAsync>d__5.MoveNext()
--- End of stack trace from previous location where exception was thrown ---
   at System.Runtime.CompilerServices.TaskAwaiter.ThrowForNonSuccess(Task task)
   at System.Runtime.CompilerServices.TaskAwaiter.HandleNonSuccessAndDebuggerNotification(Task task)
   at System.Runtime.CompilerServices.TaskAwaiter`1.GetResult()
   at GitHub.Diagnostics.GitHubApiDiagnostic.<RunInternalAsync>d__2.MoveNext()
--- End of stack trace from previous location where exception was thrown ---
   at System.Runtime.CompilerServices.TaskAwaiter.ThrowForNonSuccess(Task task)
   at System.Runtime.CompilerServices.TaskAwaiter.HandleNonSuccessAndDebuggerNotification(Task task)
   at System.Runtime.CompilerServices.TaskAwaiter`1.GetResult()
   at GitCredentialManager.Diagnostics.Diagnostic.<RunAsync>d__5.MoveNext()
Log:
Using 'https://github.com/' as API target.
Querying '/meta' endpoint...
